Traceback (most recent call last):
  File "/Library/Frameworks/Python.framework/Versions/3.11/lib/python3.11/site-packages/jupyter_cache/executors/utils.py", line 58, in single_nb_execution
    executenb(
  File "/Library/Frameworks/Python.framework/Versions/3.11/lib/python3.11/site-packages/nbclient/client.py", line 1314, in execute
    return NotebookClient(nb=nb, resources=resources, km=km, **kwargs).execute()
           ^^^^^^^^^^^^^^^^^^^^^^^^^^^^^^^^^^^^^^^^^^^^^^^^^^^^^^^^^^^^^^^^^^^^^
  File "/Library/Frameworks/Python.framework/Versions/3.11/lib/python3.11/site-packages/jupyter_core/utils/__init__.py", line 173, in wrapped
    return loop.run_until_complete(inner)
           ^^^^^^^^^^^^^^^^^^^^^^^^^^^^^^
  File "/Library/Frameworks/Python.framework/Versions/3.11/lib/python3.11/asyncio/base_events.py", line 653, in run_until_complete
    return future.result()
           ^^^^^^^^^^^^^^^
  File "/Library/Frameworks/Python.framework/Versions/3.11/lib/python3.11/site-packages/nbclient/client.py", line 709, in async_execute
    await self.async_execute_cell(
  File "/Library/Frameworks/Python.framework/Versions/3.11/lib/python3.11/site-packages/nbclient/client.py", line 1062, in async_execute_cell
    await self._check_raise_for_error(cell, cell_index, exec_reply)
  File "/Library/Frameworks/Python.framework/Versions/3.11/lib/python3.11/site-packages/nbclient/client.py", line 918, in _check_raise_for_error
    raise CellExecutionError.from_cell_and_msg(cell, exec_reply_content)
nbclient.exceptions.CellExecutionError: An error occurred while executing the following cell:
------------------
# Import Libraries and Modules

import re
from collections import Counter

# Define Functions

def split_into_words(any_chunk_of_text):
    lowercase_text = any_chunk_of_text.lower()
    split_words = re.split("\W+", lowercase_text)
    return split_words

# Define Filepaths and Assign Variables

filepath_of_text = "../texts/literature/The-Yellow-Wallpaper_Charlotte-Perkins-Gilman.txt"
number_of_desired_words = 40

stopwords = ['i', 'me', 'my', 'myself', 'we', 'our', 'ours', 'ourselves', 'you', 'your', 'yours',
'yourself', 'yourselves', 'he', 'him', 'his', 'himself', 'she', 'her', 'hers',
 'herself', 'it', 'its', 'itself', 'they', 'them', 'their', 'theirs', 'themselves',
 'what', 'which', 'who', 'whom', 'this', 'that', 'these', 'those', 'am', 'is', 'are',
 'was', 'were', 'be', 'been', 'being', 'have', 'has', 'had', 'having', 'do', 'does',
 'did', 'doing', 'a', 'an', 'the', 'and', 'but', 'if', 'or', 'because', 'as', 'until',
 'while', 'of', 'at', 'by', 'for', 'with', 'about', 'against', 'between', 'into',
 'through', 'during', 'before', 'after', 'above', 'below', 'to', 'from', 'up', 'down',
 'in', 'out', 'on', 'off', 'over', 'under', 'again', 'further', 'then', 'once', 'here',
 'there', 'when', 'where', 'why', 'how', 'all', 'any', 'both', 'each', 'few', 'more',
 'most', 'other', 'some', 'such', 'no', 'nor', 'not', 'only', 'own', 'same', 'so',
 'than', 'too', 'very', 's', 't', 'can', 'will', 'just', 'don', 'should', 'now', 've', 'll', 'amp']

# Read in File

full_text = open(filepath_of_text, encoding="utf-8").read()

# Manipulate and Analyze File

all_the_words = split_into_words(full_text)
meaningful_words = [word for word in all_the_words if word not in stopwords]
meaningful_words_tally = Counter(meaningful_words)
most_frequent_meaningful_words = meaningful_words_tally.most_common(number_of_desired_words)

# Output Results

most_frequent_meaningful_words
------------------


[0;31m---------------------------------------------------------------------------[0m
[0;31mFileNotFoundError[0m                         Traceback (most recent call last)
Cell [0;32mIn[4], line 33[0m
[1;32m     18[0m stopwords [38;5;241m=[39m [[38;5;124m'[39m[38;5;124mi[39m[38;5;124m'[39m, [38;5;124m'[39m[38;5;124mme[39m[38;5;124m'[39m, [38;5;124m'[39m[38;5;124mmy[39m[38;5;124m'[39m, [38;5;124m'[39m[38;5;124mmyself[39m[38;5;124m'[39m, [38;5;124m'[39m[38;5;124mwe[39m[38;5;124m'[39m, [38;5;124m'[39m[38;5;124mour[39m[38;5;124m'[39m, [38;5;124m'[39m[38;5;124mours[39m[38;5;124m'[39m, [38;5;124m'[39m[38;5;124mourselves[39m[38;5;124m'[39m, [38;5;124m'[39m[38;5;124myou[39m[38;5;124m'[39m, [38;5;124m'[39m[38;5;124myour[39m[38;5;124m'[39m, [38;5;124m'[39m[38;5;124myours[39m[38;5;124m'[39m,
[1;32m     19[0m [38;5;124m'[39m[38;5;124myourself[39m[38;5;124m'[39m, [38;5;124m'[39m[38;5;124myourselves[39m[38;5;124m'[39m, [38;5;124m'[39m[38;5;124mhe[39m[38;5;124m'[39m, [38;5;124m'[39m[38;5;124mhim[39m[38;5;124m'[39m, [38;5;124m'[39m[38;5;124mhis[39m[38;5;124m'[39m, [38;5;124m'[39m[38;5;124mhimself[39m[38;5;124m'[39m, [38;5;124m'[39m[38;5;124mshe[39m[38;5;124m'[39m, [38;5;124m'[39m[38;5;124mher[39m[38;5;124m'[39m, [38;5;124m'[39m[38;5;124mhers[39m[38;5;124m'[39m,
[1;32m     20[0m  [38;5;124m'[39m[38;5;124mherself[39m[38;5;124m'[39m, [38;5;124m'[39m[38;5;124mit[39m[38;5;124m'[39m, [38;5;124m'[39m[38;5;124mits[39m[38;5;124m'[39m, [38;5;124m'[39m[38;5;124mitself[39m[38;5;124m'[39m, [38;5;124m'[39m[38;5;124mthey[39m[38;5;124m'[39m, [38;5;124m'[39m[38;5;124mthem[39m[38;5;124m'[39m, [38;5;124m'[39m[38;5;124mtheir[39m[38;5;124m'[39m, [38;5;124m'[39m[38;5;124mtheirs[39m[38;5;124m'[39m, [38;5;124m'[39m[38;5;124mthemselves[39m[38;5;124m'[39m,
[0;32m   (...)[0m
[1;32m     28[0m  [38;5;124m'[39m[38;5;124mmost[39m[38;5;124m'[39m, [38;5;124m'[39m[38;5;124mother[39m[38;5;124m'[39m, [38;5;124m'[39m[38;5;124msome[39m[38;5;124m'[39m, [38;5;124m'[39m[38;5;124msuch[39m[38;5;124m'[39m, [38;5;124m'[39m[38;5;124mno[39m[38;5;124m'[39m, [38;5;124m'[39m[38;5;124mnor[39m[38;5;124m'[39m, [38;5;124m'[39m[38;5;124mnot[39m[38;5;124m'[39m, [38;5;124m'[39m[38;5;124monly[39m[38;5;124m'[39m, [38;5;124m'[39m[38;5;124mown[39m[38;5;124m'[39m, [38;5;124m'[39m[38;5;124msame[39m[38;5;124m'[39m, [38;5;124m'[39m[38;5;124mso[39m[38;5;124m'[39m,
[1;32m     29[0m  [38;5;124m'[39m[38;5;124mthan[39m[38;5;124m'[39m, [38;5;124m'[39m[38;5;124mtoo[39m[38;5;124m'[39m, [38;5;124m'[39m[38;5;124mvery[39m[38;5;124m'[39m, [38;5;124m'[39m[38;5;124ms[39m[38;5;124m'[39m, [38;5;124m'[39m[38;5;124mt[39m[38;5;124m'[39m, [38;5;124m'[39m[38;5;124mcan[39m[38;5;124m'[39m, [38;5;124m'[39m[38;5;124mwill[39m[38;5;124m'[39m, [38;5;124m'[39m[38;5;124mjust[39m[38;5;124m'[39m, [38;5;124m'[39m[38;5;124mdon[39m[38;5;124m'[39m, [38;5;124m'[39m[38;5;124mshould[39m[38;5;124m'[39m, [38;5;124m'[39m[38;5;124mnow[39m[38;5;124m'[39m, [38;5;124m'[39m[38;5;124mve[39m[38;5;124m'[39m, [38;5;124m'[39m[38;5;124mll[39m[38;5;124m'[39m, [38;5;124m'[39m[38;5;124mamp[39m[38;5;124m'[39m]
[1;32m     31[0m [38;5;66;03m# Read in File[39;00m
[0;32m---> 33[0m full_text [38;5;241m=[39m [38;5;28;43mopen[39;49m[43m([49m[43mfilepath_of_text[49m[43m,[49m[43m [49m[43mencoding[49m[38;5;241;43m=[39;49m[38;5;124;43m"[39;49m[38;5;124;43mutf-8[39;49m[38;5;124;43m"[39;49m[43m)[49m[38;5;241m.[39mread()
[1;32m     35[0m [38;5;66;03m# Manipulate and Analyze File[39;00m
[1;32m     37[0m all_the_words [38;5;241m=[39m split_into_words(full_text)

File [0;32m/Library/Frameworks/Python.framework/Versions/3.11/lib/python3.11/site-packages/IPython/core/interactiveshell.py:324[0m, in [0;36m_modified_open[0;34m(file, *args, **kwargs)[0m
[1;32m    317[0m [38;5;28;01mif[39;00m file [38;5;129;01min[39;00m {[38;5;241m0[39m, [38;5;241m1[39m, [38;5;241m2[39m}:
[1;32m    318[0m     [38;5;28;01mraise[39;00m [38;5;167;01mValueError[39;00m(
[1;32m    319[0m         [38;5;124mf[39m[38;5;124m"[39m[38;5;124mIPython won[39m[38;5;124m'[39m[38;5;124mt let you open fd=[39m[38;5;132;01m{[39;00mfile[38;5;132;01m}[39;00m[38;5;124m by default [39m[38;5;124m"[39m
[1;32m    320[0m         [38;5;124m"[39m[38;5;124mas it is likely to crash IPython. If you know what you are doing, [39m[38;5;124m"[39m
[1;32m    321[0m         [38;5;124m"[39m[38;5;124myou can use builtins[39m[38;5;124m'[39m[38;5;124m open.[39m[38;5;124m"[39m
[1;32m    322[0m     )
[0;32m--> 324[0m [38;5;28;01mreturn[39;00m [43mio_open[49m[43m([49m[43mfile[49m[43m,[49m[43m [49m[38;5;241;43m*[39;49m[43margs[49m[43m,[49m[43m [49m[38;5;241;43m*[39;49m[38;5;241;43m*[39;49m[43mkwargs[49m[43m)[49m

[0;31mFileNotFoundError[0m: [Errno 2] No such file or directory: '../texts/literature/The-Yellow-Wallpaper_Charlotte-Perkins-Gilman.txt'

